<?xml version="1.0" encoding="UTF-8"?>
<testExecutions version="1">
  <file path="/Users/ycao/dev/open-cluster-management/grc-ui/tests/jest/definitions/hcm-security-findings.test.js">
    <testCase name="getSeverity Should get severity" duration="11"/>
    <testCase name="getSeverity Should get severity" duration="1"/>
    <testCase name="getSeverity Should get severity" duration="2"/>
    <testCase name="getSeverity Should get severity" duration="1"/>
    <testCase name="getSeverity Should get severity" duration="0"/>
    <testCase name="getSeverity Should get severity" duration="1"/>
    <testCase name="compressArray Should compress array" duration="1"/>
    <testCase name="compressArray Should compress array" duration="0"/>
    <testCase name="compressArray Should compress array" duration="2"/>
    <testCase name="showTypeAndName Should show type and name" duration="1"/>
    <testCase name="showTypeAndName Should show type and name" duration="0"/>
    <testCase name="showTypeAndName Should show type and name" duration="0"/>
    <testCase name="getFindingStandards Should return formarted FindingStandards" duration="1"/>
    <testCase name="getFindingStandards Should return formarted FindingStandards" duration="0"/>
    <testCase name="getFindingStandards Should return formarted FindingStandards" duration="1"/>
    <testCase name="getFindingStandards Should return formarted FindingStandards" duration="0"/>
    <testCase name="getFindingControl Should return formarted FindingControl" duration="1"/>
    <testCase name="getFindingControl Should return formarted FindingControl" duration="0"/>
    <testCase name="getFindingControl Should return formarted FindingControl" duration="1"/>
    <testCase name="getFindingControl Should return formarted FindingControl" duration="1"/>
    <testCase name="getFindingControl Should return formarted FindingControl" duration="0"/>
    <testCase name="getFindingControl Should return formarted FindingControl" duration="0"/>
    <testCase name="getFindingControl Should return formarted FindingControl" duration="1"/>
    <testCase name="getFindingControl Should return formarted FindingControl" duration="0"/>
    <testCase name="getFindingControl Should return formarted FindingControl" duration="1"/>
    <testCase name="getFindingControl Should return formarted FindingControl" duration="0"/>
    <testCase name="getFindingCategories Should return formarted FindingCategories" duration="1"/>
    <testCase name="getFindingCategories Should return formarted FindingCategories" duration="0"/>
    <testCase name="getFindingCategories Should return formarted FindingCategories" duration="1"/>
    <testCase name="getFindingCategories Should return formarted FindingCategories" duration="0"/>
  </file>
  <file path="/Users/ycao/dev/open-cluster-management/grc-ui/tests/jest/definitions/hcm-compliances.test.js">
    <testCase name="hcm-compliances - createComplianceLink should return valid compliance link" duration="59">
      <failure message="Error: expect(value).toMatchSnapshot()"><![CDATA[Error: expect(value).toMatchSnapshot()

Received value does not match stored snapshot 2.

- Snapshot
+ Received

  <Link
    replace={false}
-   to="undefined/policies/all/testCreateComplianceLink2"
+   to="undefined/all/testCreateComplianceLink2"
  >
    testCreateComplianceLink2
     (Deprecated)
  </Link>
    at Object.toMatchSnapshot (/Users/ycao/dev/open-cluster-management/grc-ui/tests/jest/definitions/hcm-compliances.test.js:50:41)
    at Object.asyncFn (/Users/ycao/dev/open-cluster-management/grc-ui/node_modules/jest/node_modules/jest-jasmine2/build/jasmine_async.js:82:37)
    at resolve (/Users/ycao/dev/open-cluster-management/grc-ui/node_modules/jest/node_modules/jest-jasmine2/build/queue_runner.js:52:12)
    at new Promise (<anonymous>)
    at mapper (/Users/ycao/dev/open-cluster-management/grc-ui/node_modules/jest/node_modules/jest-jasmine2/build/queue_runner.js:39:19)
    at promise.then (/Users/ycao/dev/open-cluster-management/grc-ui/node_modules/jest/node_modules/jest-jasmine2/build/queue_runner.js:73:82)
    at <anonymous>
    at process._tickCallback (internal/process/next_tick.js:189:7)]]></failure>
      <failure message="Error: expect(value).toMatchSnapshot()"><![CDATA[Error: expect(value).toMatchSnapshot()

Received value does not match stored snapshot 3.

- Snapshot
+ Received

  <Link
    replace={false}
-   to="undefined/policies/all/testCreateComplianceLink3"
+   to="undefined/all/testCreateComplianceLink3"
  >
    testCreateComplianceLink3
  </Link>
    at Object.toMatchSnapshot (/Users/ycao/dev/open-cluster-management/grc-ui/tests/jest/definitions/hcm-compliances.test.js:61:41)
    at Object.asyncFn (/Users/ycao/dev/open-cluster-management/grc-ui/node_modules/jest/node_modules/jest-jasmine2/build/jasmine_async.js:82:37)
    at resolve (/Users/ycao/dev/open-cluster-management/grc-ui/node_modules/jest/node_modules/jest-jasmine2/build/queue_runner.js:52:12)
    at new Promise (<anonymous>)
    at mapper (/Users/ycao/dev/open-cluster-management/grc-ui/node_modules/jest/node_modules/jest-jasmine2/build/queue_runner.js:39:19)
    at promise.then (/Users/ycao/dev/open-cluster-management/grc-ui/node_modules/jest/node_modules/jest-jasmine2/build/queue_runner.js:73:82)
    at <anonymous>
    at process._tickCallback (internal/process/next_tick.js:189:7)]]></failure>
    </testCase>
    <testCase name="hcm-compliances - getComplianceStatusIcon should return compliance status incon" duration="4"/>
    <testCase name="hcm-compliances - getCompliancePolicyStatus should return compliance policy status" duration="1"/>
    <testCase name="hcm-compliances - createPolicyLink should return valid policy link" duration="1">
      <failure message="Error: expect(value).toMatchSnapshot()"><![CDATA[Error: expect(value).toMatchSnapshot()

Received value does not match stored snapshot 1.

- Snapshot
+ Received

  <Link
    replace={false}
-   to="undefined/policies/all/undefined/undefined/compliancePolicy/undefined"
+   to="undefined/all/undefined/undefined/compliancePolicy/undefined"
  />
    at Object.toMatchSnapshot (/Users/ycao/dev/open-cluster-management/grc-ui/tests/jest/definitions/hcm-compliances.test.js:106:36)
    at Object.asyncFn (/Users/ycao/dev/open-cluster-management/grc-ui/node_modules/jest/node_modules/jest-jasmine2/build/jasmine_async.js:82:37)
    at resolve (/Users/ycao/dev/open-cluster-management/grc-ui/node_modules/jest/node_modules/jest-jasmine2/build/queue_runner.js:52:12)
    at new Promise (<anonymous>)
    at mapper (/Users/ycao/dev/open-cluster-management/grc-ui/node_modules/jest/node_modules/jest-jasmine2/build/queue_runner.js:39:19)
    at promise.then (/Users/ycao/dev/open-cluster-management/grc-ui/node_modules/jest/node_modules/jest-jasmine2/build/queue_runner.js:73:82)
    at <anonymous>
    at process._tickCallback (internal/process/next_tick.js:189:7)]]></failure>
    </testCase>
    <testCase name="hcm-compliances - createCompliancePolicyLink should return valid compliance policy link" duration="1"/>
    <testCase name="hcm-compliances - getStatus should return compliant status" duration="2"/>
    <testCase name="hcm-compliances - getStatus should return compliant status" duration="0"/>
    <testCase name="hcm-compliances - getStatus should return &quot;-&quot;" duration="0"/>
    <testCase name="hcm-compliances - getStatusIcon should return compliant status" duration="1"/>
    <testCase name="hcm-compliances - getStatusIcon should return noncompliant status" duration="1"/>
    <testCase name="hcm-compliances - getStatusIcon should return &quot;-&quot;" duration="1"/>
    <testCase name="hcm-compliances - getStatusIconForPolicy should return compliant status" duration="1"/>
    <testCase name="hcm-compliances - getStatusIconForPolicy should return noncompliant status" duration="1"/>
    <testCase name="hcm-compliances - getStatusIconForPolicy should return &quot;-&quot;" duration="1"/>
    <testCase name="hcm-compliances - getStatusCount should return status count" duration="0"/>
    <testCase name="hcm-compliances - getClusterCount should return cluster count" duration="1"/>
    <testCase name="hcm-compliances - getControls should return control status" duration="4"/>
    <testCase name="hcm-compliances - getStandards should return standards status" duration="1"/>
    <testCase name="hcm-compliances - getCategories should return categories status" duration="0"/>
    <testCase name="hcm-compliances - getDecisions should return decisions status" duration="0"/>
    <testCase name="hcm-compliances - getDecisions should return default status" duration="0"/>
    <testCase name="hcm-compliances - getSubjects should get subjects" duration="1"/>
    <testCase name="hcm-compliances - getSubjects should get &quot;-&quot; " duration="0"/>
    <testCase name="hcm-compliances - getSubjects should get &quot;&quot; " duration="1"/>
    <testCase name="hcm-compliances - convertToStartCase should get start cases" duration="0"/>
    <testCase name="hcm-compliances - convertToStartCase should get &quot;-&quot; " duration="1"/>
    <testCase name="hcm-compliances - convertToStartCase should get &quot;-&quot; " duration="0"/>
    <testCase name="hcm-compliances - formLinkToCluster should get formLinkToCluster" duration="1"/>
    <testCase name="hcm-compliances - formLinkToCluster should get null " duration="0"/>
    <testCase name="hcm-compliances - formLinkToCluster should get null " duration="1"/>
  </file>
  <file path="/Users/ycao/dev/open-cluster-management/grc-ui/tests/jest/reducers/modal.test.js">
    <testCase name="modal reducer should return a state with MODAL_UPDATE status" duration="3"/>
    <testCase name="modal reducer should return a state with CLEAR_REQUEST_STATUS status" duration="1"/>
    <testCase name="modal reducer should return a state with POST_REQUEST status" duration="0"/>
    <testCase name="modal reducer should return a state with PUT_REQUEST status" duration="1"/>
    <testCase name="modal reducer should return a state with DEL_REQUEST status" duration="0"/>
    <testCase name="modal reducer should return a state with POST_RECEIVE_SUCCESS status" duration="1"/>
    <testCase name="modal reducer should return a state with PUT_RECEIVE_SUCCESS status" duration="0"/>
    <testCase name="modal reducer should return a state with DEL_RECEIVE_SUCCESS status" duration="0"/>
    <testCase name="modal reducer should return a state with DEL_RECEIVE_SUCCESS status" duration="0"/>
    <testCase name="modal reducer should return a state with POST_RECEIVE_FAILURE status" duration="0"/>
    <testCase name="modal reducer should return a state with PUT_RECEIVE_FAILURE status" duration="1"/>
    <testCase name="modal reducer should return a state with DEL_RECEIVE_FAILURE status" duration="0"/>
    <testCase name="modal reducer should return a state with DEL_RECEIVE_FAILURE status" duration="1"/>
    <testCase name="modal reducer should return a default state" duration="0"/>
    <testCase name="modal reducer should return undefined state" duration="1"/>
    <testCase name="modal reducer should return undefined state" duration="0"/>
  </file>
  <file path="/Users/ycao/dev/open-cluster-management/grc-ui/tests/jest/components/modules/GrcCardsModule.test.js">
    <testCase name="GrcCardsModule policies page categories view renders expand as expected" duration="48"/>
    <testCase name="GrcCardsModule policies page categories view renders collapse as expected" duration="10"/>
    <testCase name="GrcCardsModule policies page standards view renders expand as expected" duration="20"/>
    <testCase name="GrcCardsModule policies page standards view renders collapse as expected" duration="13"/>
    <testCase name="GrcCardsModule findings page categories view renders expand as expected" duration="19"/>
    <testCase name="GrcCardsModule findings page categories view renders collapse as expected" duration="5"/>
    <testCase name="GrcCardsModule findings page standards view renders expand as expected" duration="10"/>
    <testCase name="GrcCardsModule findings page standards view renders collapse as expected" duration="4"/>
    <testCase name="GrcCardsModule collapseClick collapseClick expand as expected" duration="5"/>
    <testCase name="GrcCardsModule collapseClick collapseClick collapse as expected" duration="1"/>
    <testCase name="GrcCardsModule collapseClick collapseClick collapse as expected" duration="2"/>
    <testCase name="GrcCardsModule collapseClick onChange as expected" duration="8"/>
    <testCase name="GrcCardsModule collapseClick getPolicyCardChoices as expected" duration="3"/>
  </file>
  <file path="/Users/ycao/dev/open-cluster-management/grc-ui/tests/jest/components/modules/TopInformationModule.test.js">
    <testCase name="TopInformationModule clusters view renders as expected" duration="117"/>
    <testCase name="TopInformationModule policies view renders as expected" duration="45"/>
    <testCase name="TopInformationModule findings view renders as expected" duration="37"/>
    <testCase name="TopInformationModule findings clusters view renders as expected" duration="78"/>
  </file>
  <file path="/Users/ycao/dev/open-cluster-management/grc-ui/tests/jest/reducers/common.test.js">
    <testCase name="resourceToolbar creation should return a default state" duration="8"/>
    <testCase name="resourceToolbar creation should return a state with activeFilters" duration="1"/>
    <testCase name="resourceToolbar creation should return a state with activeFilters" duration="4"/>
    <testCase name="secondaryHeader creation should return a default state" duration="1"/>
    <testCase name="secondaryHeader creation should return a state with title" duration="1"/>
    <testCase name="resourceItemByName should resourceItemByName" duration="4"/>
    <testCase name="resourceItemByName should resourceItemByName" duration="0"/>
    <testCase name="ResourceReducer creation should return a default state" duration="1"/>
    <testCase name="ResourceReducer creation should return a state with title" duration="1"/>
    <testCase name="resourceReducerFunction should return the initial state" duration="2"/>
    <testCase name="resourceReducerFunction should return a state with IN_PROGRESS status" duration="0"/>
    <testCase name="resourceReducerFunction should return a state with DONE status" duration="1"/>
    <testCase name="resourceReducerFunction should return a state with ERROR status" duration="0"/>
    <testCase name="resourceReducerFunction should return a state with post:IN_PROGRESS status" duration="1"/>
    <testCase name="resourceReducerFunction should return a state with post:DONE status" duration="1"/>
    <testCase name="resourceReducerFunction should return a state with post:DONE status" duration="0"/>
    <testCase name="resourceReducerFunction should return a state with post:ERROR status" duration="1"/>
    <testCase name="resourceReducerFunction should return a state with put:IN_PROGRESS status" duration="0"/>
    <testCase name="resourceReducerFunction should return a state with put:DONE status" duration="1"/>
    <testCase name="resourceReducerFunction should return a state with put:ERROR status" duration="0"/>
    <testCase name="resourceReducerFunction should return a state with PATCH request" duration="1"/>
    <testCase name="resourceReducerFunction should return a state with PATCH RECEIVE SUCCESS" duration="0"/>
    <testCase name="resourceReducerFunction should return a state with PATCH RECEIVE FAILURE" duration="1"/>
    <testCase name="resourceReducerFunction should return a state with clear action" duration="0"/>
    <testCase name="resourceReducerFunction should return a state for table search action" duration="1"/>
    <testCase name="resourceReducerFunction should return a state for table sort action" duration="5"/>
    <testCase name="resourceReducerFunction should return a state for table page change action" duration="1"/>
    <testCase name="resourceReducerFunction should return a state for resource modify action" duration="0"/>
    <testCase name="resourceReducerFunction should return a state for resource mutate action" duration="1"/>
    <testCase name="resourceReducerFunction should return a state for resource mutate failure action" duration="1"/>
    <testCase name="resourceReducerFunction should return a state for resource mutate success action" duration="0"/>
    <testCase name="resourceReducerFunction should return a state for resource delete action" duration="1"/>
    <testCase name="resourceReducerFunction should return default state for resource delete action" duration="0"/>
    <testCase name="resourceReducerFunction should return a state for delete receive success action" duration="0"/>
    <testCase name="resourceReducerFunction should return a state for delete receive success action" duration="1"/>
    <testCase name="resourceReducerFunction should return a state for non-existing action" duration="0"/>
  </file>
  <file path="/Users/ycao/dev/open-cluster-management/grc-ui/tests/jest/components/common/ResourceTableRowMenuItemActions.test.js">
    <testCase name="ResourceTableRowMenuItemActions component table.actions.policy.edit renders as expected" duration="3"/>
    <testCase name="ResourceTableRowMenuItemActions component table.actions.policy.edit renders as expected" duration="2"/>
    <testCase name="ResourceTableRowMenuItemActions component table.actions.finding.sidepanel renders as expected" duration="0"/>
    <testCase name="ResourceTableRowMenuItemActions component table.actions.applications.remove renders as expected" duration="1"/>
    <testCase name="ResourceTableRowMenuItemActions component table.actions.compliance.remove renders as expected" duration="0"/>
    <testCase name="ResourceTableRowMenuItemActions component table.actions.policy.remove renders as expected" duration="0"/>
    <testCase name="ResourceTableRowMenuItemActions component table.actions.remove renders as expected" duration="1"/>
    <testCase name="ResourceTableRowMenuItemActions component table.actions.cluster.view.nodes renders as expected" duration="0"/>
    <testCase name="ResourceTableRowMenuItemActions component table.actions.cluster.view.pods renders as expected" duration="1"/>
    <testCase name="ResourceTableRowMenuItemActions component table.actions.cluster.edit.labels renders as expected" duration="0"/>
    <testCase name="ResourceTableRowMenuItemActions component table.actions.pod.logs renders as expected" duration="1"/>
  </file>
  <file path="/Users/ycao/dev/open-cluster-management/grc-ui/tests/jest/components/SecondaryHeader.test.js">
    <testCase name="SecondaryHeader component 1 renders as expected" duration="45"/>
    <testCase name="SecondaryHeader component 2 renders as expected" duration="25"/>
    <testCase name="SecondaryHeader component 3 renders as expected" duration="5"/>
    <testCase name="SecondaryHeader component 4 renders as expected" duration="7"/>
    <testCase name="SecondaryHeader component 5 clickTab as expected" duration="7"/>
    <testCase name="SecondaryHeader component 5 renderHeader with description" duration="3"/>
    <testCase name="SecondaryHeader component 5 renderHeader without description" duration="2"/>
    <testCase name="SecondaryHeader component 5 renderLinks as expected" duration="8"/>
    <testCase name="SecondaryHeader component 5 renderTabs as expected" duration="4"/>
    <testCase name="SecondaryHeader component 5 renderBreadCrumb1 as expected" duration="5"/>
    <testCase name="SecondaryHeader component 5 renderBreadCrumb2 as expected" duration="6"/>
    <testCase name="SecondaryHeader component 5 renderBreadCrumb3 as expected" duration="4"/>
  </file>
  <file path="/Users/ycao/dev/open-cluster-management/grc-ui/tests/jest/definitions/hcm-policies.test.js">
    <testCase name="hcm-policies - createPolicyLink Should return item name" duration="3"/>
    <testCase name="hcm-policies - createPolicyLink Should return vaild Link obj" duration="60">
      <failure message="Error: expect(value).toMatchSnapshot()"><![CDATA[Error: expect(value).toMatchSnapshot()

Received value does not match stored snapshot 1.

- Snapshot
+ Received

  <Link
    replace={false}
-   to="undefined/policies/local/TestPolicyNamespace/TestPolicyName"
+   to="undefined/local/TestPolicyNamespace/TestPolicyName"
  >
    TestPolicyName
  </Link>
    at Object.toMatchSnapshot (/Users/ycao/dev/open-cluster-management/grc-ui/tests/jest/definitions/hcm-policies.test.js:38:36)
    at Object.asyncFn (/Users/ycao/dev/open-cluster-management/grc-ui/node_modules/jest/node_modules/jest-jasmine2/build/jasmine_async.js:82:37)
    at resolve (/Users/ycao/dev/open-cluster-management/grc-ui/node_modules/jest/node_modules/jest-jasmine2/build/queue_runner.js:52:12)
    at new Promise (<anonymous>)
    at mapper (/Users/ycao/dev/open-cluster-management/grc-ui/node_modules/jest/node_modules/jest-jasmine2/build/queue_runner.js:39:19)
    at promise.then (/Users/ycao/dev/open-cluster-management/grc-ui/node_modules/jest/node_modules/jest-jasmine2/build/queue_runner.js:73:82)
    at <anonymous>
    at process._tickCallback (internal/process/next_tick.js:189:7)]]></failure>
    </testCase>
    <testCase name="hcm-policies - createPolicyLink Should return empty Link obj" duration="9">
      <failure message="Error: expect(value).toMatchSnapshot()"><![CDATA[Error: expect(value).toMatchSnapshot()

Received value does not match stored snapshot 1.

- Snapshot
+ Received

  <Link
    replace={false}
-   to="undefined/policies/local/"
+   to="undefined/local/"
  >
    {}
  </Link>
    at Object.toMatchSnapshot (/Users/ycao/dev/open-cluster-management/grc-ui/tests/jest/definitions/hcm-policies.test.js:41:32)
    at Object.asyncFn (/Users/ycao/dev/open-cluster-management/grc-ui/node_modules/jest/node_modules/jest-jasmine2/build/jasmine_async.js:82:37)
    at resolve (/Users/ycao/dev/open-cluster-management/grc-ui/node_modules/jest/node_modules/jest-jasmine2/build/queue_runner.js:52:12)
    at new Promise (<anonymous>)
    at mapper (/Users/ycao/dev/open-cluster-management/grc-ui/node_modules/jest/node_modules/jest-jasmine2/build/queue_runner.js:39:19)
    at promise.then (/Users/ycao/dev/open-cluster-management/grc-ui/node_modules/jest/node_modules/jest-jasmine2/build/queue_runner.js:73:82)
    at <anonymous>
    at process._tickCallback (internal/process/next_tick.js:189:7)]]></failure>
    </testCase>
    <testCase name="hcm-policies #getStatus Should return healthy status" duration="4"/>
    <testCase name="hcm-policies #getStatus Should return critical status" duration="0"/>
    <testCase name="hcm-policies #getStatus Should return healthy compliant status" duration="1"/>
    <testCase name="hcm-policies #getStatus Should return critical compliant status" duration="1"/>
    <testCase name="hcm-policies #getStatus should return &quot;-&quot;" duration="1"/>
    <testCase name="hcm-policies #getStatus should return &quot;-&quot;" duration="0"/>
    <testCase name="hcm-policies #getStatus should return &quot;-&quot;" duration="0"/>
    <testCase name="hcm-policies #getEnforcement should return the enforcement of policy" duration="0"/>
    <testCase name="hcm-policies #getEnforcement should return &quot;-&quot;" duration="2"/>
    <testCase name="hcm-policies - getExcludedNamespace Should return string of namespaces" duration="1"/>
    <testCase name="hcm-policies - getExcludedNamespace Should return -" duration="0"/>
    <testCase name="hcm-policies - getIncludeNamespace Should return string of namespaces" duration="1"/>
    <testCase name="hcm-policies - getIncludeNamespace Should return -" duration="0"/>
    <testCase name="hcm-policies - getAPIGroups Should return string of groups" duration="1"/>
    <testCase name="hcm-policies - getAPIGroups Should return -" duration="0"/>
    <testCase name="hcm-policies - getRuleVerbs Should return string of rule verbs" duration="1"/>
    <testCase name="hcm-policies - getRuleVerbs Should return -" duration="0"/>
  </file>
  <file path="/Users/ycao/dev/open-cluster-management/grc-ui/tests/jest/components/common/ResourceOverview.test.js">
    <testCase name="ResourceOverview component renders as expected" duration="102"/>
  </file>
  <file path="/Users/ycao/dev/open-cluster-management/grc-ui/tests/jest/components/common/PolicyTemplates.test.js">
    <testCase name="PolicyTemplates component renders as expected" duration="255"/>
  </file>
  <file path="/Users/ycao/dev/open-cluster-management/grc-ui/tests/jest/definitions/hcm-policies-application.test.js">
    <testCase name="createClusterLink Should return createClusterLink" duration="5"/>
    <testCase name="createClusterLink Should return cluster name" duration="1"/>
    <testCase name="createClusterLink Should return -" duration="1"/>
    <testCase name="createClusterLink Should return -" duration="1"/>
    <testCase name="createClusterLink Should return -" duration="1"/>
    <testCase name="getAppViolationLabels Should return &quot;-&quot;" duration="1"/>
    <testCase name="getAppViolationLabels Should return &quot;-&quot;" duration="0"/>
    <testCase name="getAppViolationLabels Should return &quot;-&quot;" duration="1"/>
    <testCase name="getAppViolationLabels Should return &quot;-&quot;" duration="1"/>
    <testCase name="getAppViolationLabels Should return single" duration="6"/>
    <testCase name="getAppViolationLabels Should return multi" duration="0"/>
    <testCase name="getAppViolationLabels Should return multi" duration="1"/>
  </file>
  <file path="/Users/ycao/dev/open-cluster-management/grc-ui/tests/jest/components/common/ResourceTable.test.js">
    <testCase name="ResourceTable no search renders as expected" duration="134"/>
    <testCase name="ResourceTable no search renders as expected" duration="45"/>
    <testCase name="ResourceTable with search renders as expected" duration="52"/>
    <testCase name="ResourceTable not expandable renders as expected" duration="37"/>
  </file>
  <file path="/Users/ycao/dev/open-cluster-management/grc-ui/tests/jest/definitions/index.test.js">
    <testCase name="definitions/index #getDefaultSearchField should return the default search field of node" duration="1"/>
    <testCase name="definitions/index #getDefaultSearchField should return undefined" duration="22"/>
    <testCase name="definitions/index #getDefaultSortField should return the default sort field of node" duration="2"/>
    <testCase name="definitions/index #getDefaultSortField should return undefined and error log" duration="3"/>
    <testCase name="definitions/index #getLink should return the link of node as /namespace/name" duration="2"/>
    <testCase name="definitions/index #getLink should return the link of node as /namespace/name" duration="0"/>
    <testCase name="definitions/index #getLink should return the link of node as /domain/host" duration="0"/>
    <testCase name="definitions/index #getPrimaryKey should return the primary key of node" duration="1"/>
    <testCase name="definitions/index #getPrimaryKey should return default value metadata.uid" duration="1"/>
    <testCase name="definitions/index #getSecondaryKey should return the secondary key of node" duration="0"/>
    <testCase name="definitions/index #getSecondaryKey should return default value cluster" duration="1"/>
    <testCase name="definitions/index #getURIKey should return the default sort field of node" duration="0"/>
    <testCase name="definitions/index #getURIKey should return default value metadata.name" duration="1"/>
  </file>
  <file path="/Users/ycao/dev/open-cluster-management/grc-ui/tests/jest/util/table-helper.test.js">
    <testCase name="table-helper handleInputValue handleInputValue should execute call back function" duration="4"/>
    <testCase name="table-helper handleSort newSortColumn==defaultSortColumn handleSort should execute call back function" duration="1"/>
    <testCase name="table-helper handleSort newSortColumn==defaultSortColumn handleSort should execute call back function" duration="1"/>
    <testCase name="table-helper handleSort newSortColumn!=defaultSortColumn handleSort should execute call back function" duration="1"/>
    <testCase name="table-helper handleSort newSortColumn!=defaultSortColumn handleSort should execute call back function" duration="0"/>
    <testCase name="table-helper handleSort newSortColumn!=defaultSortColumn handleSort should execute call back function" duration="1"/>
    <testCase name="table-helper handleSort newSortColumn!=defaultSortColumn handleSort should execute call back function" duration="1"/>
    <testCase name="table-helper handleSort newSortColumn!=defaultSortColumn handleSort should not execute call back function" duration="0"/>
    <testCase name="table-helper handleSort newSortColumn!=defaultSortColumn handleSort should not execute call back function" duration="1"/>
  </file>
  <file path="/Users/ycao/dev/open-cluster-management/grc-ui/tests/jest/components/common/ResourceDetails.test.js">
    <testCase name="ResourceDetails error renders as expected" duration="164"/>
  </file>
  <file path="/Users/ycao/dev/open-cluster-management/grc-ui/tests/jest/components/common/ResourceFilterBar.test.js">
    <testCase name="ResourceFilterBar no filters applied renders as expected" duration="15"/>
    <testCase name="ResourceFilterBar w/ filter applied renders as expected" duration="8"/>
  </file>
  <file path="/Users/ycao/dev/open-cluster-management/grc-ui/tests/jest/reducers/user.test.js">
    <testCase name="User reducer #user should return the initial state" duration="2"/>
    <testCase name="User reducer #user should handle USER_LOGIN_RECEIVE_SUCCESS" duration="0"/>
    <testCase name="User reducer #user should handle USER_LOGOUT_RECEIVE_SUCCESS" duration="1"/>
    <testCase name="User reducer #loggedIn should return the initial state" duration="0"/>
    <testCase name="User reducer #loggedIn should return the default state" duration="1"/>
    <testCase name="User reducer #loggedIn should handle USER_LOGOUT_REQUEST" duration="0"/>
    <testCase name="User reducer #loggedIn should handle USER_LOGIN_RECEIVE_SUCCESS" duration="1"/>
    <testCase name="User reducer #loggedIn should handle USER_LOGOUT_RECEIVE_FAILURE" duration="0"/>
    <testCase name="User reducer #loggedIn should handle USER_LOGOUT_RECEIVE_SUCCESS" duration="0"/>
    <testCase name="User reducer #isAuthenticated should return is Authenticated" duration="1"/>
    <testCase name="User reducer #isAuthenticated should return is not Authenticated" duration="0"/>
  </file>
  <file path="/Users/ycao/dev/open-cluster-management/grc-ui/tests/jest/components/common/ResourceToolbar.test.js">
    <testCase name="ResourceToolbar component renders as expected" duration="48"/>
    <testCase name="ResourceToolbar component no filter renders as expected" duration="3"/>
  </file>
  <file path="/Users/ycao/dev/open-cluster-management/grc-ui/tests/jest/components/modals/FilterModal.test.js">
    <testCase name="CreateResourceModal modal renders as expected" duration="15"/>
    <testCase name="CreateResourceModal modal componentWillReceiveProps as expected" duration="6"/>
    <testCase name="CreateResourceModal modal convertFilterArray as expected" duration="2"/>
    <testCase name="CreateResourceModal modal convertFilterArray as expected" duration="2"/>
    <testCase name="CreateResourceModal modal selectionChanged as expected" duration="5"/>
    <testCase name="CreateResourceModal modal handleSubmitClick as expected" duration="1"/>
  </file>
  <file path="/Users/ycao/dev/open-cluster-management/grc-ui/tests/jest/components/common/ResourceList.test.js">
    <testCase name="ResourceFilterBar no filters applied renders as expected" duration="65"/>
    <testCase name="ResourceFilterBar w/ filter applied renders as expected" duration="7"/>
  </file>
  <file path="/Users/ycao/dev/open-cluster-management/grc-ui/tests/jest/reducers/filter.test.js">
    <testCase name="filter reducer should return a state with RESOURCE_FILTERS_RECEIVE_SUCCESS status" duration="4"/>
    <testCase name="filter reducer should return a state with RESOURCE_FILTERS_UPDATE status" duration="1"/>
    <testCase name="filter reducer should return a state with RESOURCE_FILTERS_UPDATE status" duration="0"/>
    <testCase name="filter reducer should return a default state" duration="0"/>
    <testCase name="filter reducer should return undefined state" duration="1"/>
    <testCase name="filter reducer should return undefined state" duration="0"/>
  </file>
  <file path="/Users/ycao/dev/open-cluster-management/grc-ui/tests/jest/components/modals/ResourceModal.test.js">
    <testCase name="CreateResourceModal modal renders as expected" duration="52"/>
    <testCase name="CreateResourceModal modal renders as expected" duration="23"/>
    <testCase name="CreateResourceModal modal onChange as expected" duration="74"/>
  </file>
  <file path="/Users/ycao/dev/open-cluster-management/grc-ui/tests/jest/components/modules/GrcToggleModule.test.js">
    <testCase name="GrcToggle view renders expand as expected" duration="75"/>
    <testCase name="GrcToggle view renders expand as expected" duration="54"/>
    <testCase name="GrcToggle view renders expand as expected" duration="17"/>
    <testCase name="GrcToggle view renders expand as expected" duration="16"/>
    <testCase name="GrcView toggleClick renders as expected" duration="8"/>
    <testCase name="GrcView toggleClick renders as expected" duration="5"/>
  </file>
  <file path="/Users/ycao/dev/open-cluster-management/grc-ui/tests/jest/containers/FindingsTab.test.js">
    <testCase name="FindingsTab container test renders as expected" duration="123"/>
    <testCase name="FindingsTab container formatEmptySecurityClassification test renders as expected" duration="10"/>
  </file>
  <file path="/Users/ycao/dev/open-cluster-management/grc-ui/tests/jest/components/OverviewView.test.js">
    <testCase name="OverviewView component 1 renders as expected" duration="54"/>
    <testCase name="OverviewView component 2 renders as expected" duration="12"/>
    <testCase name="OverviewView component 3 renders as expected" duration="39">
      <failure message="Error: expect(value).toMatchSnapshot()"><![CDATA[Error: expect(value).toMatchSnapshot()

Received value does not match stored snapshot 1.

- Snapshot
+ Received

@@ -3,11 +3,11 @@
      className="no-resource"
    >
      <img
        alt="No resource"
        className="no-resource-icon"
-       src="undefined/policies/graphics/no-policy.svg"
+       src="undefined/graphics/no-policy.svg"
      />
      <div
        className="no-resource-title"
      >
        Get set-up to track your governance and risk.
    at Object.toMatchSnapshot (/Users/ycao/dev/open-cluster-management/grc-ui/tests/jest/components/OverviewView.test.js:94:32)
    at Object.asyncFn (/Users/ycao/dev/open-cluster-management/grc-ui/node_modules/jest/node_modules/jest-jasmine2/build/jasmine_async.js:82:37)
    at resolve (/Users/ycao/dev/open-cluster-management/grc-ui/node_modules/jest/node_modules/jest-jasmine2/build/queue_runner.js:52:12)
    at new Promise (<anonymous>)
    at mapper (/Users/ycao/dev/open-cluster-management/grc-ui/node_modules/jest/node_modules/jest-jasmine2/build/queue_runner.js:39:19)
    at promise.then (/Users/ycao/dev/open-cluster-management/grc-ui/node_modules/jest/node_modules/jest-jasmine2/build/queue_runner.js:73:82)
    at <anonymous>
    at process._tickCallback (internal/process/next_tick.js:189:7)]]></failure>
    </testCase>
    <testCase name="OverviewView handleDrillDownClickOverview 1 renders as expected" duration="14"/>
    <testCase name="OverviewView handleDrillDownClickOverview 1 renders as expected" duration="6"/>
  </file>
  <file path="/Users/ycao/dev/open-cluster-management/grc-ui/tests/jest/components/common/ScrollToTop.test.js">
    <testCase name="ScrollToTop component test renders as expected" duration="38"/>
  </file>
  <file path="/Users/ycao/dev/open-cluster-management/grc-ui/tests/jest/components/GrcView.test.js">
    <testCase name="GrcView component 1 renders as expected" duration="541">
      <failure message="Error: expect(value).toMatchSnapshot()"><![CDATA[Error: expect(value).toMatchSnapshot()

Received value does not match stored snapshot 1.

- Snapshot
+ Received

@@ -716,11 +716,11 @@
                </td>
                <td
                  className={undefined}
                >
                  <a
-                   href="undefined/policies/all/policy-limitrange"
+                   href="undefined/all/policy-limitrange"
                    onClick={[Function]}
                  >
                    policy-limitrange
                  </a>
                </td>
@@ -839,11 +839,11 @@
                </td>
                <td
                  className={undefined}
                >
                  <a
-                   href="undefined/policies/all/policy-namespace"
+                   href="undefined/all/policy-namespace"
                    onClick={[Function]}
                  >
                    policy-namespace
                  </a>
                </td>
    at Object.toMatchSnapshot (/Users/ycao/dev/open-cluster-management/grc-ui/tests/jest/components/GrcView.test.js:50:32)
    at Object.asyncFn (/Users/ycao/dev/open-cluster-management/grc-ui/node_modules/jest/node_modules/jest-jasmine2/build/jasmine_async.js:82:37)
    at resolve (/Users/ycao/dev/open-cluster-management/grc-ui/node_modules/jest/node_modules/jest-jasmine2/build/queue_runner.js:52:12)
    at new Promise (<anonymous>)
    at mapper (/Users/ycao/dev/open-cluster-management/grc-ui/node_modules/jest/node_modules/jest-jasmine2/build/queue_runner.js:39:19)
    at promise.then (/Users/ycao/dev/open-cluster-management/grc-ui/node_modules/jest/node_modules/jest-jasmine2/build/queue_runner.js:73:82)
    at <anonymous>
    at process._tickCallback (internal/process/next_tick.js:189:7)]]></failure>
    </testCase>
    <testCase name="GrcView component 2 renders as expected" duration="12"/>
    <testCase name="GrcView component 3 renders as expected" duration="14"/>
    <testCase name="GrcView component 4 renders as expected" duration="16"/>
    <testCase name="GrcView component 5 renders as expected" duration="155"/>
    <testCase name="GrcView component 6 renders as expected" duration="13"/>
    <testCase name="GrcView component 7 renders as expected" duration="8">
      <failure message="Error: expect(value).toMatchSnapshot()"><![CDATA[Error: expect(value).toMatchSnapshot()

Received value does not match stored snapshot 1.

- Snapshot
+ Received

@@ -3,11 +3,11 @@
      className="no-resource"
    >
      <img
        alt="No resource"
        className="no-resource-icon"
-       src="undefined/policies/graphics/no-policy.svg"
+       src="undefined/graphics/no-policy.svg"
      />
      <div
        className="no-resource-title"
      >
        Get set-up to track your governance and risk.
    at Object.toMatchSnapshot (/Users/ycao/dev/open-cluster-management/grc-ui/tests/jest/components/GrcView.test.js:209:32)
    at Object.asyncFn (/Users/ycao/dev/open-cluster-management/grc-ui/node_modules/jest/node_modules/jest-jasmine2/build/jasmine_async.js:82:37)
    at resolve (/Users/ycao/dev/open-cluster-management/grc-ui/node_modules/jest/node_modules/jest-jasmine2/build/queue_runner.js:52:12)
    at new Promise (<anonymous>)
    at mapper (/Users/ycao/dev/open-cluster-management/grc-ui/node_modules/jest/node_modules/jest-jasmine2/build/queue_runner.js:39:19)
    at promise.then (/Users/ycao/dev/open-cluster-management/grc-ui/node_modules/jest/node_modules/jest-jasmine2/build/queue_runner.js:73:82)
    at <anonymous>
    at process._tickCallback (internal/process/next_tick.js:189:7)]]></failure>
    </testCase>
    <testCase name="GrcView component 8 renders as expected" duration="4">
      <failure message="Error: expect(value).toMatchSnapshot()"><![CDATA[Error: expect(value).toMatchSnapshot()

Received value does not match stored snapshot 1.

- Snapshot
+ Received

@@ -3,11 +3,11 @@
      className="no-resource"
    >
      <img
        alt="No resource"
        className="no-resource-icon"
-       src="undefined/policies/graphics/no-policy.svg"
+       src="undefined/graphics/no-policy.svg"
      />
      <div
        className="no-resource-title"
      >
        Get set-up to track your governance and risk.
    at Object.toMatchSnapshot (/Users/ycao/dev/open-cluster-management/grc-ui/tests/jest/components/GrcView.test.js:236:32)
    at Object.asyncFn (/Users/ycao/dev/open-cluster-management/grc-ui/node_modules/jest/node_modules/jest-jasmine2/build/jasmine_async.js:82:37)
    at resolve (/Users/ycao/dev/open-cluster-management/grc-ui/node_modules/jest/node_modules/jest-jasmine2/build/queue_runner.js:52:12)
    at new Promise (<anonymous>)
    at mapper (/Users/ycao/dev/open-cluster-management/grc-ui/node_modules/jest/node_modules/jest-jasmine2/build/queue_runner.js:39:19)
    at promise.then (/Users/ycao/dev/open-cluster-management/grc-ui/node_modules/jest/node_modules/jest-jasmine2/build/queue_runner.js:73:82)
    at <anonymous>
    at process._tickCallback (internal/process/next_tick.js:189:7)]]></failure>
    </testCase>
    <testCase name="GrcView handleDrillDownClickGrcView renders as expected" duration="16"/>
    <testCase name="GrcView handleDrillDownClickGrcView renders as expected" duration="4"/>
    <testCase name="GrcView handleDrillDownClickGrcView renders as expected" duration="2"/>
    <testCase name="GrcView handleDrillDownClickGrcView renders as expected" duration="1"/>
  </file>
  <file path="/Users/ycao/dev/open-cluster-management/grc-ui/tests/jest/components/modals/PolicySidePanelDetailsModal.test.js">
    <testCase name="PoliciesView view renders expand as expected" duration="18"/>
    <testCase name="ClustersView view renders expand as expected" duration="15"/>
    <testCase name="PoliciesTable 1 renders expand as expected" duration="17"/>
    <testCase name="PoliciesTable 2 renders expand as expected" duration="12"/>
    <testCase name="ClustersOrApplicationsTable 1 renders expand as expected" duration="22"/>
    <testCase name="ClustersOrApplicationsTable 2 renders expand as expected" duration="3"/>
  </file>
  <file path="/Users/ycao/dev/open-cluster-management/grc-ui/tests/jest/components/common/PolicyDetailsOverview.test.js">
    <testCase name="PolicyDetailsOverview component renders as expected" duration="104"/>
  </file>
  <file path="/Users/ycao/dev/open-cluster-management/grc-ui/tests/jest/components/modals/DisableModal.test.js">
    <testCase name="DisableModal modal renders as expected" duration="14"/>
    <testCase name="DisableModal modal renders errors as expected" duration="6"/>
    <testCase name="DisableModal modal handleSubmit as expected" duration="6"/>
  </file>
  <file path="/Users/ycao/dev/open-cluster-management/grc-ui/tests/jest/components/common/NoResource.test.js">
    <testCase name="NoResource component renders as expected" duration="18">
      <failure message="Error: expect(value).toMatchSnapshot()"><![CDATA[Error: expect(value).toMatchSnapshot()

Received value does not match stored snapshot 1.

- Snapshot
+ Received

@@ -6,11 +6,11 @@
      className="no-resource"
    >
      <img
        alt="No resource"
        className="no-resource-icon"
-       src="undefined/policies/graphics/no-policy.svg"
+       src="undefined/graphics/no-policy.svg"
      />
      <div
        className="no-resource-title"
      >
        title
    at Object.toMatchSnapshot (/Users/ycao/dev/open-cluster-management/grc-ui/tests/jest/components/common/NoResource.test.js:23:32)
    at Object.asyncFn (/Users/ycao/dev/open-cluster-management/grc-ui/node_modules/jest/node_modules/jest-jasmine2/build/jasmine_async.js:82:37)
    at resolve (/Users/ycao/dev/open-cluster-management/grc-ui/node_modules/jest/node_modules/jest-jasmine2/build/queue_runner.js:52:12)
    at new Promise (<anonymous>)
    at mapper (/Users/ycao/dev/open-cluster-management/grc-ui/node_modules/jest/node_modules/jest-jasmine2/build/queue_runner.js:39:19)
    at promise.then (/Users/ycao/dev/open-cluster-management/grc-ui/node_modules/jest/node_modules/jest-jasmine2/build/queue_runner.js:73:82)
    at <anonymous>
    at process._tickCallback (internal/process/next_tick.js:189:7)]]></failure>
    </testCase>
    <testCase name="NoResource component renders as expected" duration="6">
      <failure message="Error: expect(value).toMatchSnapshot()"><![CDATA[Error: expect(value).toMatchSnapshot()

Received value does not match stored snapshot 2.

- Snapshot
+ Received

@@ -6,11 +6,11 @@
      className="no-resource"
    >
      <img
        alt="No resource"
        className="no-resource-icon"
-       src="undefined/policies/graphics/no-policy.svg"
+       src="undefined/graphics/no-policy.svg"
      />
      <div
        className="no-resource-title"
      >
        title
    at Object.toMatchSnapshot (/Users/ycao/dev/open-cluster-management/grc-ui/tests/jest/components/common/NoResource.test.js:32:32)
    at Object.asyncFn (/Users/ycao/dev/open-cluster-management/grc-ui/node_modules/jest/node_modules/jest-jasmine2/build/jasmine_async.js:82:37)
    at resolve (/Users/ycao/dev/open-cluster-management/grc-ui/node_modules/jest/node_modules/jest-jasmine2/build/queue_runner.js:52:12)
    at new Promise (<anonymous>)
    at mapper (/Users/ycao/dev/open-cluster-management/grc-ui/node_modules/jest/node_modules/jest-jasmine2/build/queue_runner.js:39:19)
    at promise.then (/Users/ycao/dev/open-cluster-management/grc-ui/node_modules/jest/node_modules/jest-jasmine2/build/queue_runner.js:73:82)
    at <anonymous>
    at process._tickCallback (internal/process/next_tick.js:189:7)]]></failure>
    </testCase>
    <testCase name="NoResource component renders as expected" duration="3">
      <failure message="Error: expect(value).toMatchSnapshot()"><![CDATA[Error: expect(value).toMatchSnapshot()

Received value does not match stored snapshot 3.

- Snapshot
+ Received

@@ -6,11 +6,11 @@
      className="no-resource"
    >
      <img
        alt="test"
        className="test-image"
-       src="undefined/policies/graphics/test-svg.svg"
+       src="undefined/graphics/test-svg.svg"
      />
      <div
        className="test-title"
      >
        title
    at Object.toMatchSnapshot (/Users/ycao/dev/open-cluster-management/grc-ui/tests/jest/components/common/NoResource.test.js:41:32)
    at Object.asyncFn (/Users/ycao/dev/open-cluster-management/grc-ui/node_modules/jest/node_modules/jest-jasmine2/build/jasmine_async.js:82:37)
    at resolve (/Users/ycao/dev/open-cluster-management/grc-ui/node_modules/jest/node_modules/jest-jasmine2/build/queue_runner.js:52:12)
    at new Promise (<anonymous>)
    at mapper (/Users/ycao/dev/open-cluster-management/grc-ui/node_modules/jest/node_modules/jest-jasmine2/build/queue_runner.js:39:19)
    at promise.then (/Users/ycao/dev/open-cluster-management/grc-ui/node_modules/jest/node_modules/jest-jasmine2/build/queue_runner.js:73:82)
    at <anonymous>
    at process._tickCallback (internal/process/next_tick.js:189:7)]]></failure>
    </testCase>
    <testCase name="NoResource component renders as expected" duration="2">
      <failure message="Error: expect(value).toMatchSnapshot()"><![CDATA[Error: expect(value).toMatchSnapshot()

Received value does not match stored snapshot 4.

- Snapshot
+ Received

@@ -2,8 +2,8 @@
    className="no-resource"
  >
    <img
      alt="No resource"
      className="no-resource-icon"
-     src="undefined/policies/graphics/no-policy.svg"
+     src="undefined/graphics/no-policy.svg"
    />
  </div>
    at Object.toMatchSnapshot (/Users/ycao/dev/open-cluster-management/grc-ui/tests/jest/components/common/NoResource.test.js:49:32)
    at Object.asyncFn (/Users/ycao/dev/open-cluster-management/grc-ui/node_modules/jest/node_modules/jest-jasmine2/build/jasmine_async.js:82:37)
    at resolve (/Users/ycao/dev/open-cluster-management/grc-ui/node_modules/jest/node_modules/jest-jasmine2/build/queue_runner.js:52:12)
    at new Promise (<anonymous>)
    at mapper (/Users/ycao/dev/open-cluster-management/grc-ui/node_modules/jest/node_modules/jest-jasmine2/build/queue_runner.js:39:19)
    at promise.then (/Users/ycao/dev/open-cluster-management/grc-ui/node_modules/jest/node_modules/jest-jasmine2/build/queue_runner.js:73:82)
    at <anonymous>
    at process._tickCallback (internal/process/next_tick.js:189:7)]]></failure>
    </testCase>
    <testCase name="NoResource component renders as expected" duration="3">
      <failure message="Error: expect(value).toMatchSnapshot()"><![CDATA[Error: expect(value).toMatchSnapshot()

Received value does not match stored snapshot 5.

- Snapshot
+ Received

@@ -2,8 +2,8 @@
    className="test-class"
  >
    <img
      alt="test"
      className="test-image"
-     src="undefined/policies/graphics/test-svg.svg"
+     src="undefined/graphics/test-svg.svg"
    />
  </div>
    at Object.toMatchSnapshot (/Users/ycao/dev/open-cluster-management/grc-ui/tests/jest/components/common/NoResource.test.js:57:32)
    at Object.asyncFn (/Users/ycao/dev/open-cluster-management/grc-ui/node_modules/jest/node_modules/jest-jasmine2/build/jasmine_async.js:82:37)
    at resolve (/Users/ycao/dev/open-cluster-management/grc-ui/node_modules/jest/node_modules/jest-jasmine2/build/queue_runner.js:52:12)
    at new Promise (<anonymous>)
    at mapper (/Users/ycao/dev/open-cluster-management/grc-ui/node_modules/jest/node_modules/jest-jasmine2/build/queue_runner.js:39:19)
    at promise.then (/Users/ycao/dev/open-cluster-management/grc-ui/node_modules/jest/node_modules/jest-jasmine2/build/queue_runner.js:73:82)
    at <anonymous>
    at process._tickCallback (internal/process/next_tick.js:189:7)]]></failure>
    </testCase>
  </file>
  <file path="/Users/ycao/dev/open-cluster-management/grc-ui/tests/jest/components/modals/EnableModal.test.js">
    <testCase name="DisableModal modal renders as expected" duration="11"/>
    <testCase name="DisableModal modal renders errors as expected" duration="11"/>
    <testCase name="DisableModal modal handleSubmit as expected" duration="6"/>
  </file>
  <file path="/Users/ycao/dev/open-cluster-management/grc-ui/tests/jest/components/common/ResourceFilterView.test.js">
    <testCase name="ResourceFilterView component renders as expected" duration="38"/>
    <testCase name="ResourceFilterView component no filter renders as expected" duration="6"/>
  </file>
  <file path="/Users/ycao/dev/open-cluster-management/grc-ui/tests/jest/containers/OverviewTab.test.js">
    <testCase name="OverviewTab container test renders as expected" duration="74"/>
  </file>
  <file path="/Users/ycao/dev/open-cluster-management/grc-ui/tests/jest/containers/PolicyDetail.test.js">
    <testCase name="PolicyTemplateTab container test renders as expected" duration="84"/>
  </file>
  <file path="/Users/ycao/dev/open-cluster-management/grc-ui/tests/jest/components/common/StructuredListModule.test.js">
    <testCase name="StructuredListModule component test renders as expected" duration="24"/>
  </file>
  <file path="/Users/ycao/dev/open-cluster-management/grc-ui/tests/jest/components/common/FormatTableData.test.js">
    <testCase name="formatPoliciesToClustersTableData should correctly format" duration="3"/>
    <testCase name="formatPoliciesToClustersTableData should correctly format" duration="1"/>
    <testCase name="formatPoliciesToClustersTableData should correctly format" duration="1"/>
    <testCase name="formatFindingsToClustersTableData should correctly format" duration="31"/>
    <testCase name="formatFindingsToClustersTableData should correctly format" duration="2"/>
    <testCase name="formatExpandablePolicies should correctly format" duration="6"/>
    <testCase name="formatExpandablePolicies should correctly format" duration="1"/>
    <testCase name="formatExpandablePolicies should correctly format" duration="0"/>
  </file>
  <file path="/Users/ycao/dev/open-cluster-management/grc-ui/tests/jest/components/modals/CreateResourceModal.test.js">
    <testCase name="CreateResourceModal modal renders as expected" duration="24"/>
    <testCase name="CreateResourceModal modal handleModalOpen as expected" duration="26"/>
    <testCase name="CreateResourceModal modal handleEditorChange as expected" duration="2"/>
    <testCase name="CreateResourceModal modal handleNotificationClosed as expected" duration="4"/>
    <testCase name="CreateResourceModal modal isSubmitDisabled as expected" duration="1"/>
    <testCase name="CreateResourceModal modal handleModalCancel as expected" duration="2"/>
    <testCase name="CreateResourceModal modal handleModalSubmit as expected" duration="5"/>
  </file>
  <file path="/Users/ycao/dev/open-cluster-management/grc-ui/tests/jest/containers/PoliciesTab.test.js">
    <testCase name="PoliciesTab container test renders as expected" duration="155"/>
  </file>
  <file path="/Users/ycao/dev/open-cluster-management/grc-ui/tests/jest/components/modals/FindingSidePanelDetailsModal.test.js">
    <testCase name="FindingSidePanelDetailsModal renders as expected" duration="19"/>
  </file>
  <file path="/Users/ycao/dev/open-cluster-management/grc-ui/tests/jest/reducers/userpreferences.test.js">
    <testCase name="User Preferences reducer #userpreferences should return the null state" duration="2"/>
    <testCase name="User Preferences reducer #userpreferences should return the initial state" duration="1"/>
    <testCase name="User Preferences reducer #userpreferences should handle USERPREFERENCES_RECEIVE_SUCCESS" duration="1"/>
    <testCase name="User Preferences reducer #userpreferences should handle USERPREFERENCES_RECEIVE_FAILURE" duration="8"/>
  </file>
  <file path="/Users/ycao/dev/open-cluster-management/grc-ui/tests/jest/components/TemplateEditor/TemplateEditor.test.js">
    <testCase name="TemplateEditor component renders as expected" duration="229"/>
    <testCase name="on control change function renders as expected" duration="365"/>
    <testCase name="on editor change function renders as expected" duration="92"/>
    <testCase name="handleEditorCommand function renders as expected" duration="80"/>
    <testCase name="getResourceJSON function renders as expected" duration="79"/>
  </file>
  <file path="/Users/ycao/dev/open-cluster-management/grc-ui/tests/jest/components/common/TagInput.test.js">
    <testCase name="TagInput component 1 renders as expected" duration="103"/>
  </file>
  <file path="/Users/ycao/dev/open-cluster-management/grc-ui/tests/jest/components/common/PolicyClusterDetail.test.js">
    <testCase name="PolicyClusterDetail component renders as expected" duration="118"/>
  </file>
  <file path="/Users/ycao/dev/open-cluster-management/grc-ui/tests/jest/components/common/ResourceTableRowExpandableTable.test.js">
    <testCase name="ResourceTableRowExpandableTable component test renders as expected" duration="14"/>
  </file>
  <file path="/Users/ycao/dev/open-cluster-management/grc-ui/tests/jest/components/common/ResourceTableModuleFromProps.test.js">
    <testCase name="ResourceTableModuleFromProps component test renders as expected" duration="21"/>
  </file>
  <file path="/Users/ycao/dev/open-cluster-management/grc-ui/tests/jest/reducers/role.test.js">
    <testCase name="role reducer should return a state with ROLE_RECEIVE_SUCCESS status" duration="2"/>
    <testCase name="role reducer should return a state with ROLE_RECEIVE_FAILURE status" duration="0"/>
    <testCase name="role reducer should return a default state" duration="1"/>
    <testCase name="role reducer should return undefined state" duration="0"/>
    <testCase name="role reducer should return undefined state" duration="0"/>
  </file>
  <file path="/Users/ycao/dev/open-cluster-management/grc-ui/tests/jest/components/modules/SubResourceListModule.test.js">
    <testCase name="PolicieSubResourceList view renders as expected" duration="24"/>
    <testCase name="ClusterSubResourceList view renders as expected" duration="8"/>
  </file>
  <file path="/Users/ycao/dev/open-cluster-management/grc-ui/tests/jest/definitions/hcm-policies-cluster.test.js">
    <testCase name="getTruncatedText Should return truncated text item" duration="2"/>
    <testCase name="getClusterViolationLabels Should return labels of truncated text item" duration="2"/>
    <testCase name="createClusterLink Should return createClusterLink" duration="1"/>
    <testCase name="createClusterLink Should return cluster name" duration="1"/>
    <testCase name="createClusterLink Should return -" duration="1"/>
    <testCase name="createClusterLink Should return -" duration="0"/>
    <testCase name="createClusterLink Should return -" duration="1"/>
  </file>
  <file path="/Users/ycao/dev/open-cluster-management/grc-ui/tests/jest/components/common/ResourceTableModule.test.js">
    <testCase name="ResourceTableModule component test renders as expected" duration="273"/>
  </file>
  <file path="/Users/ycao/dev/open-cluster-management/grc-ui/tests/jest/components/common/StatusField.test.js">
    <testCase name="StatusField renders ok as expected" duration="16"/>
    <testCase name="StatusField renders warning as expected" duration="2"/>
    <testCase name="StatusField renders failed as expected" duration="2"/>
    <testCase name="StatusField renders default as expected" duration="1"/>
  </file>
  <file path="/Users/ycao/dev/open-cluster-management/grc-ui/tests/jest/components/common/NestedTable.test.js">
    <testCase name="NestedTable component 1 renders as expected" duration="83"/>
  </file>
  <file path="/Users/ycao/dev/open-cluster-management/grc-ui/tests/jest/containers/PolicyTemplateTab.test.js">
    <testCase name="PolicyDetail container test renders as expected" duration="114"/>
  </file>
  <file path="/Users/ycao/dev/open-cluster-management/grc-ui/tests/jest/components/modals/DescriptionModal.test.js">
    <testCase name="DescriptionModal render test renders as expected" duration="9"/>
  </file>
  <file path="/Users/ycao/dev/open-cluster-management/grc-ui/tests/jest/containers/App.test.js">
    <testCase name="App container test renders as expected" duration="26"/>
  </file>
  <file path="/Users/ycao/dev/open-cluster-management/grc-ui/tests/jest/definitions/hcm-cluster-findings.test.js">
    <testCase name="getTruncatedText Should return flatten string from object" duration="2"/>
    <testCase name="getTruncatedText Should return flatten string from object" duration="1"/>
    <testCase name="getTruncatedText Should return flatten string from object" duration="0"/>
  </file>
  <file path="/Users/ycao/dev/open-cluster-management/grc-ui/tests/jest/reducers/uniconfig.test.js">
    <testCase name="uiconfig reducer should return a state with ROLE_RECEIVE_SUCCESS status" duration="2"/>
    <testCase name="uiconfig reducer should return a default state" duration="2"/>
    <testCase name="uiconfig reducer should return undefined state" duration="0"/>
    <testCase name="uiconfig reducer should return undefined state" duration="1"/>
  </file>
  <file path="/Users/ycao/dev/open-cluster-management/grc-ui/tests/jest/containers/GrcRouter.test.js">
    <testCase name="Grc Router container test renders as expected" duration="19"/>
  </file>
  <file path="/Users/ycao/dev/open-cluster-management/grc-ui/tests/jest/components/modules/ImpactedControlsModule.test.js">
    <testCase name="ImpactedControlsModule view renders as expected" duration="56">
      <failure message="Error: expect(value).toMatchSnapshot()"><![CDATA[Error: expect(value).toMatchSnapshot()

Received value does not match stored snapshot 1.

- Snapshot
+ Received

@@ -223,11 +223,11 @@
                  className="no-resource"
                >
                  <img
                    alt="Your data visualizations cannot be displayed"
                    className="no-resource-icon"
-                   src="undefined/policies/graphics/no-impacted-controls-overlap.svg"
+                   src="undefined/graphics/no-impacted-controls-overlap.svg"
                  />
                  <div
                    className="no-resource-title"
                  >
                    Your data visualizations cannot be displayed
    at Object.toMatchSnapshot (/Users/ycao/dev/open-cluster-management/grc-ui/tests/jest/components/modules/ImpactedControlsModule.test.js:34:32)
    at Object.asyncFn (/Users/ycao/dev/open-cluster-management/grc-ui/node_modules/jest/node_modules/jest-jasmine2/build/jasmine_async.js:82:37)
    at resolve (/Users/ycao/dev/open-cluster-management/grc-ui/node_modules/jest/node_modules/jest-jasmine2/build/queue_runner.js:52:12)
    at new Promise (<anonymous>)
    at mapper (/Users/ycao/dev/open-cluster-management/grc-ui/node_modules/jest/node_modules/jest-jasmine2/build/queue_runner.js:39:19)
    at promise.then (/Users/ycao/dev/open-cluster-management/grc-ui/node_modules/jest/node_modules/jest-jasmine2/build/queue_runner.js:73:82)
    at <anonymous>
    at process._tickCallback (internal/process/next_tick.js:189:7)]]></failure>
    </testCase>
  </file>
  <file path="/Users/ycao/dev/open-cluster-management/grc-ui/tests/jest/components/modals/RemoveResourceModal.test.js">
    <testCase name="RemoveResourceModal test renders as expected" duration="305"/>
  </file>
  <file path="/Users/ycao/dev/open-cluster-management/grc-ui/tests/jest/components/common/RefreshTimeSelect.test.js">
    <testCase name="RefreshTimeSelect component renders as expected" duration="25"/>
    <testCase name="RefreshTimeSelect component with data renders as expected" duration="8"/>
  </file>
  <file path="/Users/ycao/dev/open-cluster-management/grc-ui/tests/jest/components/common/FilterTag.test.js">
    <testCase name="FilterTag component renders as expected" duration="6"/>
    <testCase name="FilterTag component renders as expected" duration="2"/>
  </file>
  <file path="/Users/ycao/dev/open-cluster-management/grc-ui/tests/jest/util/truncate-middle.test.js">
    <testCase name="truncate middle should truncate string as expected" duration="2"/>
    <testCase name="truncate middle should truncate string as expected" duration="0"/>
    <testCase name="truncate middle should truncate string as expected" duration="1"/>
    <testCase name="truncate middle should truncate string as expected" duration="0"/>
    <testCase name="truncate middle should truncate string as expected" duration="0"/>
  </file>
  <file path="/Users/ycao/dev/open-cluster-management/grc-ui/tests/jest/reducers/index.test.js">
    <testCase name="predicate should return true" duration="2"/>
    <testCase name="predicate should return true" duration="1"/>
    <testCase name="predicate should return undefined" duration="1"/>
  </file>
  <file path="/Users/ycao/dev/open-cluster-management/grc-ui/tests/jest/containers/PolicyViolationTab.test.js">
    <testCase name="PolicyDetail container test renders as expected" duration="38"/>
  </file>
  <file path="/Users/ycao/dev/open-cluster-management/grc-ui/tests/jest/components/common/Page.test.js">
    <testCase name="NoResource component renders as expected" duration="9"/>
  </file>
  <file path="/Users/ycao/dev/open-cluster-management/grc-ui/tests/jest/components/modules/PolicySummaryModule.test.js">
    <testCase name="PolicySummaryModule view renders as expected" duration="13"/>
  </file>
  <file path="/Users/ycao/dev/open-cluster-management/grc-ui/tests/jest/components/common/TruncateText.test.js">
    <testCase name="TruncateText renders as expected for truncated text" duration="13"/>
    <testCase name="TruncateText renders as expected for non truncated text" duration="2"/>
  </file>
  <file path="/Users/ycao/dev/open-cluster-management/grc-ui/tests/jest/components/common/withAccess.test.js">
    <testCase name="withaccess component test renders as expected" duration="1"/>
  </file>
  <file path="/Users/ycao/dev/open-cluster-management/grc-ui/tests/jest/definitions/hcm-policies-policy.test.js">
    <testCase name="createComplianceLink Should item.metadata.name" duration="2"/>
    <testCase name="createComplianceLink Should create policy link" duration="15">
      <failure message="Error: expect(value).toMatchSnapshot()"><![CDATA[Error: expect(value).toMatchSnapshot()

Received value does not match stored snapshot 1.

- Snapshot
+ Received

  <Link
    replace={false}
-   to="undefined/policies/all/policy1"
+   to="undefined/all/policy1"
  >
    policy1
  </Link>
    at Object.toMatchSnapshot (/Users/ycao/dev/open-cluster-management/grc-ui/tests/jest/definitions/hcm-policies-policy.test.js:18:66)
    at Object.asyncFn (/Users/ycao/dev/open-cluster-management/grc-ui/node_modules/jest/node_modules/jest-jasmine2/build/jasmine_async.js:82:37)
    at resolve (/Users/ycao/dev/open-cluster-management/grc-ui/node_modules/jest/node_modules/jest-jasmine2/build/queue_runner.js:52:12)
    at new Promise (<anonymous>)
    at mapper (/Users/ycao/dev/open-cluster-management/grc-ui/node_modules/jest/node_modules/jest-jasmine2/build/queue_runner.js:39:19)
    at promise.then (/Users/ycao/dev/open-cluster-management/grc-ui/node_modules/jest/node_modules/jest-jasmine2/build/queue_runner.js:73:82)
    at <anonymous>
    at process._tickCallback (internal/process/next_tick.js:189:7)]]></failure>
    </testCase>
    <testCase name="createComplianceLink Should create compliance link" duration="1">
      <failure message="Error: expect(value).toMatchSnapshot()"><![CDATA[Error: expect(value).toMatchSnapshot()

Received value does not match stored snapshot 1.

- Snapshot
+ Received

  <Link
    replace={false}
-   to="undefined/policies/all/policy1"
+   to="undefined/all/policy1"
  >
    policy1
     (Deprecated)
  </Link>
    at Object.toMatchSnapshot (/Users/ycao/dev/open-cluster-management/grc-ui/tests/jest/definitions/hcm-policies-policy.test.js:22:66)
    at Object.asyncFn (/Users/ycao/dev/open-cluster-management/grc-ui/node_modules/jest/node_modules/jest-jasmine2/build/jasmine_async.js:82:37)
    at resolve (/Users/ycao/dev/open-cluster-management/grc-ui/node_modules/jest/node_modules/jest-jasmine2/build/queue_runner.js:52:12)
    at new Promise (<anonymous>)
    at mapper (/Users/ycao/dev/open-cluster-management/grc-ui/node_modules/jest/node_modules/jest-jasmine2/build/queue_runner.js:39:19)
    at promise.then (/Users/ycao/dev/open-cluster-management/grc-ui/node_modules/jest/node_modules/jest-jasmine2/build/queue_runner.js:73:82)
    at <anonymous>
    at process._tickCallback (internal/process/next_tick.js:189:7)]]></failure>
    </testCase>
    <testCase name="createComplianceLink Should undefined" duration="1"/>
  </file>
  <file path="/Users/ycao/dev/open-cluster-management/grc-ui/tests/jest/components/common/CreateDocLink.test.js">
    <testCase name="createDocLink view renders show create link as expected" duration="4"/>
    <testCase name="createDocLink view renders does not show create link as expected" duration="1"/>
  </file>
  <file path="/Users/ycao/dev/open-cluster-management/grc-ui/tests/jest/components/TemplateEditor/validator.test.js">
    <testCase name="truncate middle should truncate string as expected" duration="2"/>
  </file>
  <file path="/Users/ycao/dev/open-cluster-management/grc-ui/tests/jest/components/modules/RecentActivityModule.test.js">
    <testCase name="RecentActivityModule view renders as expected" duration="322">
      <failure message="Error: expect(value).toMatchSnapshot()"><![CDATA[Error: expect(value).toMatchSnapshot()

Received value does not match stored snapshot 1.

- Snapshot
+ Received

@@ -597,11 +597,11 @@
                        className="card-informations empty"
                      >
                        <img
                          alt="No resource"
                          className="empty-icon"
-                         src="undefined/policies/graphics/no-other-violations.svg"
+                         src="undefined/graphics/no-other-violations.svg"
                        />
                      </div>
                      <div
                        className="card-name-description"
                      >
    at Object.toMatchSnapshot (/Users/ycao/dev/open-cluster-management/grc-ui/tests/jest/components/modules/RecentActivityModule.test.js:33:32)
    at Object.asyncFn (/Users/ycao/dev/open-cluster-management/grc-ui/node_modules/jest/node_modules/jest-jasmine2/build/jasmine_async.js:82:37)
    at resolve (/Users/ycao/dev/open-cluster-management/grc-ui/node_modules/jest/node_modules/jest-jasmine2/build/queue_runner.js:52:12)
    at new Promise (<anonymous>)
    at mapper (/Users/ycao/dev/open-cluster-management/grc-ui/node_modules/jest/node_modules/jest-jasmine2/build/queue_runner.js:39:19)
    at promise.then (/Users/ycao/dev/open-cluster-management/grc-ui/node_modules/jest/node_modules/jest-jasmine2/build/queue_runner.js:73:82)
    at <anonymous>
    at process._tickCallback (internal/process/next_tick.js:189:7)]]></failure>
    </testCase>
  </file>
  <file path="/Users/ycao/dev/open-cluster-management/grc-ui/tests/jest/components/common/YamlEditor.test.js">
    <testCase name="YamlEditor renders as expected" duration="47"/>
    <testCase name="YamlEditor renders as expected" duration="14"/>
  </file>
  <file path="/Users/ycao/dev/open-cluster-management/grc-ui/tests/jest/containers/CreationTab.test.js">
    <testCase name="CreationTab container renders as expected" duration="13">
      <failure message="Error: expect(value).toMatchSnapshot()"><![CDATA[Error: expect(value).toMatchSnapshot()

Received value does not match stored snapshot 1.

- Snapshot
+ Received

@@ -42,11 +42,11 @@
      "instance": null,
      "key": undefined,
      "nodeType": "class",
      "props": Object {
        "push": false,
-       "to": "undefined/policies/all",
+       "to": "undefined/all",
      },
      "ref": null,
      "rendered": null,
      "type": [Function],
    },
@@ -55,11 +55,11 @@
        "instance": null,
        "key": undefined,
        "nodeType": "class",
        "props": Object {
          "push": false,
-         "to": "undefined/policies/all",
+         "to": "undefined/all",
        },
        "ref": null,
        "rendered": null,
        "type": [Function],
      },
    at Object.toMatchSnapshot (/Users/ycao/dev/open-cluster-management/grc-ui/tests/jest/containers/CreationTab.test.js:22:23)
    at Object.asyncFn (/Users/ycao/dev/open-cluster-management/grc-ui/node_modules/jest/node_modules/jest-jasmine2/build/jasmine_async.js:82:37)
    at resolve (/Users/ycao/dev/open-cluster-management/grc-ui/node_modules/jest/node_modules/jest-jasmine2/build/queue_runner.js:52:12)
    at new Promise (<anonymous>)
    at mapper (/Users/ycao/dev/open-cluster-management/grc-ui/node_modules/jest/node_modules/jest-jasmine2/build/queue_runner.js:39:19)
    at promise.then (/Users/ycao/dev/open-cluster-management/grc-ui/node_modules/jest/node_modules/jest-jasmine2/build/queue_runner.js:73:82)
    at <anonymous>
    at process._tickCallback (internal/process/next_tick.js:189:7)]]></failure>
    </testCase>
    <testCase name="CreationTab container renders as expected" duration="5"/>
  </file>
</testExecutions>